c:\users\lenovo\source\repos\sfml c++\sfml c++\debug\vc142.pdb
c:\users\lenovo\source\repos\sfml c++\sfml c++\debug\vc142.idb
c:\users\lenovo\source\repos\sfml c++\sfml c++\debug\score.obj
c:\users\lenovo\source\repos\sfml c++\sfml c++\debug\name input.obj
c:\users\lenovo\source\repos\sfml c++\sfml c++\debug\menu222.obj
c:\users\lenovo\source\repos\sfml c++\sfml c++\debug\menu.obj
c:\users\lenovo\source\repos\sfml c++\sfml c++\debug\main.obj
c:\users\lenovo\source\repos\sfml c++\sfml c++\debug\level3.obj
c:\users\lenovo\source\repos\sfml c++\sfml c++\debug\level2.obj
c:\users\lenovo\source\repos\sfml c++\sfml c++\debug\level1.obj
c:\users\lenovo\source\repos\sfml c++\sfml c++\debug\collision.obj
c:\users\lenovo\source\repos\sfml c++\debug\sfml c++.exe
c:\users\lenovo\source\repos\sfml c++\debug\sfml c++.ilk
c:\users\lenovo\source\repos\sfml c++\debug\sfml c++.pdb
c:\users\lenovo\source\repos\sfml c++\sfml c++\debug\sfml c++.tlog\cl.command.1.tlog
c:\users\lenovo\source\repos\sfml c++\sfml c++\debug\sfml c++.tlog\cl.read.1.tlog
c:\users\lenovo\source\repos\sfml c++\sfml c++\debug\sfml c++.tlog\cl.write.1.tlog
c:\users\lenovo\source\repos\sfml c++\sfml c++\debug\sfml c++.tlog\link.command.1.tlog
c:\users\lenovo\source\repos\sfml c++\sfml c++\debug\sfml c++.tlog\link.read.1.tlog
c:\users\lenovo\source\repos\sfml c++\sfml c++\debug\sfml c++.tlog\link.write.1.tlog
